1639046044139	geckodriver	INFO	Listening on 127.0.0.1:5637
1639046047160	mozrunner::runner	INFO	Running command: "C:\\Program Files\\Mozilla Firefox\\firefox.exe" "--marionette" "--headless" "--disable-gpu" "-foreground" "-no-remote" "-profile" "C:\\Users\\jiwoo\\AppData\\Local\\Temp\\rust_mozprofileCKVzpe"
*** You are running in headless mode.
1639046174180	geckodriver	INFO	Listening on 127.0.0.1:5723
1639046177220	mozrunner::runner	INFO	Running command: "C:\\Program Files\\Mozilla Firefox\\firefox.exe" "--marionette" "--headless" "--disable-gpu" "-no-remote" "-profile" "C:\\Users\\jiwoo\\AppData\\Local\\Temp\\rust_mozprofileZ7O4Wv"
*** You are running in headless mode.
1639046177522	Marionette	INFO	Marionette enabled
[GFX1-]: RenderCompositorSWGL failed mapping default framebuffer, no dt
console.warn: SearchSettings: "get: No settings file exists, new profile?" (new NotFoundError("Could not open the file at C:\\Users\\jiwoo\\AppData\\Local\\Temp\\rust_mozprofileZ7O4Wv\\search.json.mozlz4", (void 0)))
1639046178444	Marionette	INFO	Listening on port 5731
1639046178782	RemoteAgent	WARN	TLS certificate errors will be ignored for this session
JavaScript warning: https://data.gov.sg/fanstatic/vendor/:version:2020-12-29T10:24:02/:bundle:bootstrap/js/bootstrap.min.js;jed.min.js;moment-with-locales.js;select2/select2.min.js, line 108: unreachable code after return statement
JavaScript warning: https://data.gov.sg/fanstatic/vendor/:version:2020-12-29T10:24:02/:bundle:bootstrap/js/bootstrap.min.js;jed.min.js;moment-with-locales.js;select2/select2.min.js, line 108: unreachable code after return statement
JavaScript warning: https://data.gov.sg/fanstatic/vendor/:version:2020-12-29T10:24:02/:bundle:bootstrap/js/bootstrap.min.js;jed.min.js;moment-with-locales.js;select2/select2.min.js, line 108: unreachable code after return statement
JavaScript warning: https://data.gov.sg/fanstatic/vendor/:version:2020-12-29T10:24:02/:bundle:bootstrap/js/bootstrap.min.js;jed.min.js;moment-with-locales.js;select2/select2.min.js, line 108: unreachable code after return statement
1639046182476	Marionette	INFO	Stopped listening on port 5731

###!!! [Parent][MessageChannel] Error: (msgtype=0x39014F,name=PContent::Reply_DiscardBrowsingContext) Closed channel: cannot send/recv


###!!! [Parent][MessageChannel] Error: (msgtype=0x39014F,name=PContent::Reply_DiscardBrowsingContext) Closed channel: cannot send/recv


###!!! [Parent][MessageChannel] Error: (msgtype=0x39014F,name=PContent::Reply_DiscardBrowsingContext) Closed channel: cannot send/recv


###!!! [Parent][MessageChannel] Error: (msgtype=0x39014F,name=PContent::Reply_DiscardBrowsingContext) Closed channel: cannot send/recv


###!!! [Parent][MessageChannel] Error: (msgtype=0x39014F,name=PContent::Reply_DiscardBrowsingContext) Closed channel: cannot send/recv


###!!! [Parent][MessageChannel] Error: (msgtype=0x39014F,name=PContent::Reply_DiscardBrowsingContext) Closed channel: cannot send/recv


###!!! [Parent][MessageChannel] Error: (msgtype=0x39007A,name=PContent::Msg_DestroyBrowsingContextGroup) Closed channel: cannot send/recv

JavaScript error: resource://gre/modules/Sqlite.jsm, line 1059: Error: Sqlite.jsm has been shutdown. Cannot open connection to: C:\Users\jiwoo\AppData\Local\Temp\rust_mozprofileZ7O4Wv\protections.sqlite
